<?xml version="1.0" encoding="UTF-8"?>
<testsuite xmlns:xsi="http://www.w3.org/2001/XMLSchema-instance" xsi:noNamespaceSchemaLocation="https://maven.apache.org/surefire/maven-surefire-plugin/xsd/surefire-test-report-3.0.xsd" version="3.0" name="com.seek.seekchallenge.SeekChallengeApplicationTests" time="2.155" tests="1" errors="0" skipped="0" failures="0">
  <properties>
[...]
</properties>
  <testcase name="contextLoads" classname="com.seek.seekchallenge.SeekChallengeApplicationTests" time="0.272">
    <system-out><![CDATA[10:15:52.610 [main] INFO org.springframework.test.context.support.AnnotationConfigContextLoaderUtils -- Could not detect default configuration classes for test class [com.seek.seekchallenge.SeekChallengeApplicationTests]: SeekChallengeApplicationTests does not declare any static, non-private, non-final, nested classes annotated with @Configuration.
10:15:52.646 [main] INFO org.springframework.boot.test.context.SpringBootTestContextBootstrapper -- Found @SpringBootConfiguration com.seek.seekchallenge.SeekChallengeApplication for test class com.seek.seekchallenge.SeekChallengeApplicationTests

  .   ____          _            __ _ _
 /\\ / ___'_ __ _ _(_)_ __  __ _ \ \ \ \
( ( )\___ | '_ | '_| | '_ \/ _` | \ \ \ \
 \\/  ___)| |_)| | | | | || (_| |  ) ) ) )
  '  |____| .__|_| |_|_| |_\__, | / / / /
 =========|_|==============|___/=/_/_/_/
 :: Spring Boot ::                (v3.1.5)

2024-12-18T10:15:52.770-05:00  INFO 20380 --- [           main] c.s.s.SeekChallengeApplicationTests      : Starting SeekChallengeApplicationTests using Java 17.0.13 with PID 20380 (started by andresmendez in /Users/andresmendez/Seek/seek-challenge)
2024-12-18T10:15:52.770-05:00  INFO 20380 --- [           main] c.s.s.SeekChallengeApplicationTests      : No active profile set, falling back to 1 default profile: "default"
2024-12-18T10:15:53.019-05:00  INFO 20380 --- [           main] .s.d.r.c.RepositoryConfigurationDelegate : Bootstrapping Spring Data JPA repositories in DEFAULT mode.
2024-12-18T10:15:53.037-05:00  INFO 20380 --- [           main] .s.d.r.c.RepositoryConfigurationDelegate : Finished Spring Data repository scanning in 15 ms. Found 1 JPA repository interfaces.
2024-12-18T10:15:53.204-05:00  INFO 20380 --- [           main] o.f.c.internal.license.VersionPrinter    : Flyway Community Edition 9.16.3 by Redgate
2024-12-18T10:15:53.204-05:00  INFO 20380 --- [           main] o.f.c.internal.license.VersionPrinter    : See release notes here: https://rd.gt/416ObMi
2024-12-18T10:15:53.204-05:00  INFO 20380 --- [           main] o.f.c.internal.license.VersionPrinter    : 
2024-12-18T10:15:53.208-05:00  INFO 20380 --- [           main] com.zaxxer.hikari.HikariDataSource       : HikariPool-1 - Starting...
2024-12-18T10:15:53.209-05:00  WARN 20380 --- [           main] c.zaxxer.hikari.util.DriverDataSource    : Registered driver with driverClassName=com.mysql.jdbc.Driver was not found, trying direct instantiation.
2024-12-18T10:15:53.396-05:00  INFO 20380 --- [           main] com.zaxxer.hikari.pool.HikariPool        : HikariPool-1 - Added connection com.mysql.cj.jdbc.ConnectionImpl@53dd42d6
2024-12-18T10:15:53.397-05:00  INFO 20380 --- [           main] com.zaxxer.hikari.HikariDataSource       : HikariPool-1 - Start completed.
2024-12-18T10:15:53.409-05:00  INFO 20380 --- [           main] o.f.c.i.database.base.BaseDatabaseType   : Database: jdbc:mysql://localhost:3306/seek_challenge (MySQL 9.1)
2024-12-18T10:15:53.427-05:00  WARN 20380 --- [           main] o.f.c.internal.database.base.Database    : Flyway upgrade recommended: MySQL 9.1 is newer than this version of Flyway and support has not been tested. The latest supported version of MySQL is 8.0.
2024-12-18T10:15:53.446-05:00  INFO 20380 --- [           main] o.f.core.internal.command.DbValidate     : Successfully validated 2 migrations (execution time 00:00.015s)
2024-12-18T10:15:53.461-05:00  INFO 20380 --- [           main] o.f.core.internal.command.DbMigrate      : Current version of schema `seek_challenge`: 2
2024-12-18T10:15:53.462-05:00  INFO 20380 --- [           main] o.f.core.internal.command.DbMigrate      : Schema `seek_challenge` is up to date. No migration necessary.
2024-12-18T10:15:53.507-05:00  INFO 20380 --- [           main] o.hibernate.jpa.internal.util.LogHelper  : HHH000204: Processing PersistenceUnitInfo [name: default]
2024-12-18T10:15:53.530-05:00  INFO 20380 --- [           main] org.hibernate.Version                    : HHH000412: Hibernate ORM core version 6.2.13.Final
2024-12-18T10:15:53.531-05:00  INFO 20380 --- [           main] org.hibernate.cfg.Environment            : HHH000406: Using bytecode reflection optimizer
2024-12-18T10:15:53.628-05:00  INFO 20380 --- [           main] o.s.o.j.p.SpringPersistenceUnitInfo      : No LoadTimeWeaver setup: ignoring JPA class transformer
2024-12-18T10:15:53.652-05:00  WARN 20380 --- [           main] org.hibernate.orm.deprecation            : HHH90000025: H2Dialect does not need to be specified explicitly using 'hibernate.dialect' (remove the property setting and it will be selected by default)
2024-12-18T10:15:53.944-05:00  INFO 20380 --- [           main] o.h.e.t.j.p.i.JtaPlatformInitiator       : HHH000489: No JTA platform available (set 'hibernate.transaction.jta.platform' to enable JTA platform integration)
2024-12-18T10:15:53.945-05:00  INFO 20380 --- [           main] j.LocalContainerEntityManagerFactoryBean : Initialized JPA EntityManagerFactory for persistence unit 'default'
2024-12-18T10:15:54.043-05:00  INFO 20380 --- [           main] o.s.d.j.r.query.QueryEnhancerFactory     : Hibernate is in classpath; If applicable, HQL parser will be used.
2024-12-18T10:15:54.274-05:00  WARN 20380 --- [           main] JpaBaseConfiguration$JpaWebConfiguration : spring.jpa.open-in-view is enabled by default. Therefore, database queries may be performed during view rendering. Explicitly configure spring.jpa.open-in-view to disable this warning
2024-12-18T10:15:54.417-05:00  INFO 20380 --- [           main] c.s.s.SeekChallengeApplicationTests      : Started SeekChallengeApplicationTests in 1.723 seconds (process running for 2.061)
]]></system-out>
    <system-err><![CDATA[Loading class `com.mysql.jdbc.Driver'. This is deprecated. The new driver class is `com.mysql.cj.jdbc.Driver'. The driver is automatically registered via the SPI and manual loading of the driver class is generally unnecessary.
]]></system-err>
  </testcase>
</testsuite>