<?xml version="1.0" encoding="UTF-8"?>
<testsuite xmlns:xsi="http://www.w3.org/2001/XMLSchema-instance" xsi:noNamespaceSchemaLocation="https://maven.apache.org/surefire/maven-surefire-plugin/xsd/surefire-test-report-3.0.xsd" version="3.0" name="com.seek.seekchallenge.infraestructure.repository.CandidateRepositoryTest" time="1.773" tests="4" errors="0" skipped="0" failures="0">
  <properties>
[...]
</properties>
  <testcase name="givenCandidate_whenSaved_thenCanBeFoundById" classname="com.seek.seekchallenge.infraestructure.repository.CandidateRepositoryTest" time="0.289">
    <system-out><![CDATA[02:01:58.721 [main] INFO org.springframework.test.context.support.AnnotationConfigContextLoaderUtils -- Could not detect default configuration classes for test class [com.seek.seekchallenge.infraestructure.repository.CandidateRepositoryTest]: CandidateRepositoryTest does not declare any static, non-private, non-final, nested classes annotated with @Configuration.
02:01:58.762 [main] INFO org.springframework.boot.test.context.SpringBootTestContextBootstrapper -- Found @SpringBootConfiguration com.seek.seekchallenge.SeekChallengeApplication for test class com.seek.seekchallenge.infraestructure.repository.CandidateRepositoryTest

  .   ____          _            __ _ _
 /\\ / ___'_ __ _ _(_)_ __  __ _ \ \ \ \
( ( )\___ | '_ | '_| | '_ \/ _` | \ \ \ \
 \\/  ___)| |_)| | | | | || (_| |  ) ) ) )
  '  |____| .__|_| |_|_| |_\__, | / / / /
 =========|_|==============|___/=/_/_/_/
 :: Spring Boot ::                (v3.1.5)

2024-12-20T02:01:58.889-05:00  INFO 59751 --- [           main] c.s.s.i.r.CandidateRepositoryTest        : Starting CandidateRepositoryTest using Java 17.0.13 with PID 59751 (started by andresmendez in /Users/andresmendez/Seek/git/seek-challenge)
2024-12-20T02:01:58.890-05:00  INFO 59751 --- [           main] c.s.s.i.r.CandidateRepositoryTest        : No active profile set, falling back to 1 default profile: "default"
2024-12-20T02:01:59.030-05:00  INFO 59751 --- [           main] .s.d.r.c.RepositoryConfigurationDelegate : Bootstrapping Spring Data JPA repositories in DEFAULT mode.
2024-12-20T02:01:59.050-05:00  INFO 59751 --- [           main] .s.d.r.c.RepositoryConfigurationDelegate : Finished Spring Data repository scanning in 17 ms. Found 1 JPA repository interfaces.
2024-12-20T02:01:59.164-05:00  INFO 59751 --- [           main] o.f.c.internal.license.VersionPrinter    : Flyway Community Edition 9.16.3 by Redgate
2024-12-20T02:01:59.164-05:00  INFO 59751 --- [           main] o.f.c.internal.license.VersionPrinter    : See release notes here: https://rd.gt/416ObMi
2024-12-20T02:01:59.164-05:00  INFO 59751 --- [           main] o.f.c.internal.license.VersionPrinter    : 
2024-12-20T02:01:59.167-05:00  INFO 59751 --- [           main] com.zaxxer.hikari.HikariDataSource       : HikariPool-1 - Starting...
2024-12-20T02:01:59.168-05:00  WARN 59751 --- [           main] c.zaxxer.hikari.util.DriverDataSource    : Registered driver with driverClassName=com.mysql.jdbc.Driver was not found, trying direct instantiation.
2024-12-20T02:01:59.346-05:00  INFO 59751 --- [           main] com.zaxxer.hikari.pool.HikariPool        : HikariPool-1 - Added connection com.mysql.cj.jdbc.ConnectionImpl@5eb5da12
2024-12-20T02:01:59.353-05:00  INFO 59751 --- [           main] com.zaxxer.hikari.HikariDataSource       : HikariPool-1 - Start completed.
2024-12-20T02:01:59.371-05:00  INFO 59751 --- [           main] o.f.c.i.database.base.BaseDatabaseType   : Database: jdbc:mysql://localhost:3307/seek_challenge (MySQL 8.0)
2024-12-20T02:01:59.406-05:00  INFO 59751 --- [           main] o.f.core.internal.command.DbValidate     : Successfully validated 3 migrations (execution time 00:00.013s)
2024-12-20T02:01:59.421-05:00  INFO 59751 --- [           main] o.f.core.internal.command.DbMigrate      : Current version of schema `seek_challenge`: 3
2024-12-20T02:01:59.421-05:00  WARN 59751 --- [           main] o.f.core.internal.command.DbMigrate      : Schema `seek_challenge` has a version (3) that is newer than the latest available migration (2) !
2024-12-20T02:01:59.422-05:00  INFO 59751 --- [           main] o.f.core.internal.command.DbMigrate      : Schema `seek_challenge` is up to date. No migration necessary.
2024-12-20T02:01:59.457-05:00  INFO 59751 --- [           main] o.hibernate.jpa.internal.util.LogHelper  : HHH000204: Processing PersistenceUnitInfo [name: default]
2024-12-20T02:01:59.472-05:00  INFO 59751 --- [           main] org.hibernate.Version                    : HHH000412: Hibernate ORM core version 6.2.13.Final
2024-12-20T02:01:59.472-05:00  INFO 59751 --- [           main] org.hibernate.cfg.Environment            : HHH000406: Using bytecode reflection optimizer
2024-12-20T02:01:59.549-05:00  INFO 59751 --- [           main] o.s.o.j.p.SpringPersistenceUnitInfo      : No LoadTimeWeaver setup: ignoring JPA class transformer
2024-12-20T02:01:59.568-05:00  WARN 59751 --- [           main] org.hibernate.orm.deprecation            : HHH90000025: H2Dialect does not need to be specified explicitly using 'hibernate.dialect' (remove the property setting and it will be selected by default)
2024-12-20T02:01:59.828-05:00  INFO 59751 --- [           main] o.h.e.t.j.p.i.JtaPlatformInitiator       : HHH000489: No JTA platform available (set 'hibernate.transaction.jta.platform' to enable JTA platform integration)
2024-12-20T02:01:59.829-05:00  INFO 59751 --- [           main] j.LocalContainerEntityManagerFactoryBean : Initialized JPA EntityManagerFactory for persistence unit 'default'
2024-12-20T02:01:59.919-05:00  INFO 59751 --- [           main] o.s.d.j.r.query.QueryEnhancerFactory     : Hibernate is in classpath; If applicable, HQL parser will be used.
2024-12-20T02:02:00.082-05:00  INFO 59751 --- [           main] c.s.s.i.r.CandidateRepositoryTest        : Started CandidateRepositoryTest in 1.299 seconds (process running for 1.651)
2024-12-20T02:02:00.343-05:00  INFO 59751 --- [           main] c.s.s.i.r.CandidateRepositoryTest        : (setUp) insert data test
Hibernate: 
    insert 
    into
        candidate
        (email,gender,name,salary_expected,id) 
    values
        (?,?,?,?,default)
2024-12-20T02:02:00.361-05:00  INFO 59751 --- [           main] c.s.s.i.r.CandidateRepositoryTest        : (setUp) end insert data test
2024-12-20T02:02:00.361-05:00  INFO 59751 --- [           main] c.s.s.i.r.CandidateRepositoryTest        : (givenCandidate_whenSaved_thenCanBeFoundById)
2024-12-20T02:02:00.365-05:00  INFO 59751 --- [           main] c.s.s.i.r.CandidateRepositoryTest        : (end)
2024-12-20T02:02:00.366-05:00  INFO 59751 --- [           main] c.s.s.i.r.CandidateRepositoryTest        : (setUp) delete data test
2024-12-20T02:02:00.367-05:00  INFO 59751 --- [           main] c.s.s.i.r.CandidateRepositoryTest        : (setUp) delete data test
]]></system-out>
    <system-err><![CDATA[Loading class `com.mysql.jdbc.Driver'. This is deprecated. The new driver class is `com.mysql.cj.jdbc.Driver'. The driver is automatically registered via the SPI and manual loading of the driver class is generally unnecessary.
]]></system-err>
  </testcase>
  <testcase name="findCandidate_ByEmail_WithoutId_CaseSensitive" classname="com.seek.seekchallenge.infraestructure.repository.CandidateRepositoryTest" time="0.035">
    <system-out><![CDATA[2024-12-20T02:02:00.376-05:00  INFO 59751 --- [           main] c.s.s.i.r.CandidateRepositoryTest        : (setUp) insert data test
Hibernate: 
    insert 
    into
        candidate
        (email,gender,name,salary_expected,id) 
    values
        (?,?,?,?,default)
2024-12-20T02:02:00.379-05:00  INFO 59751 --- [           main] c.s.s.i.r.CandidateRepositoryTest        : (setUp) end insert data test
2024-12-20T02:02:00.379-05:00  INFO 59751 --- [           main] c.s.s.i.r.CandidateRepositoryTest        : (findCandidate_ByEmail_WithoutId_CaseSensitive)
Hibernate: 
    select
        c1_0.id,
        c1_0.email,
        c1_0.gender,
        c1_0.name,
        c1_0.salary_expected 
    from
        candidate c1_0 
    where
        upper(c1_0.email)=upper(?) 
        and c1_0.id<>?
2024-12-20T02:02:00.406-05:00  INFO 59751 --- [           main] c.s.s.i.r.CandidateRepositoryTest        : (end)
2024-12-20T02:02:00.407-05:00  INFO 59751 --- [           main] c.s.s.i.r.CandidateRepositoryTest        : (setUp) delete data test
2024-12-20T02:02:00.407-05:00  INFO 59751 --- [           main] c.s.s.i.r.CandidateRepositoryTest        : (setUp) delete data test
]]></system-out>
  </testcase>
  <testcase name="givenCandidate_whenUpdated_thenCanBeFoundByIdWithUpdatedData" classname="com.seek.seekchallenge.infraestructure.repository.CandidateRepositoryTest" time="0.006">
    <system-out><![CDATA[2024-12-20T02:02:00.412-05:00  INFO 59751 --- [           main] c.s.s.i.r.CandidateRepositoryTest        : (setUp) insert data test
Hibernate: 
    insert 
    into
        candidate
        (email,gender,name,salary_expected,id) 
    values
        (?,?,?,?,default)
2024-12-20T02:02:00.414-05:00  INFO 59751 --- [           main] c.s.s.i.r.CandidateRepositoryTest        : (setUp) end insert data test
2024-12-20T02:02:00.414-05:00  INFO 59751 --- [           main] c.s.s.i.r.CandidateRepositoryTest        : (givenCandidate_whenUpdated_thenCanBeFoundByIdWithUpdatedData)
2024-12-20T02:02:00.414-05:00  INFO 59751 --- [           main] c.s.s.i.r.CandidateRepositoryTest        : (end)
2024-12-20T02:02:00.415-05:00  INFO 59751 --- [           main] c.s.s.i.r.CandidateRepositoryTest        : (setUp) delete data test
2024-12-20T02:02:00.415-05:00  INFO 59751 --- [           main] c.s.s.i.r.CandidateRepositoryTest        : (setUp) delete data test
]]></system-out>
  </testcase>
  <testcase name="findCandidate_ByEmail_CaseSensitive" classname="com.seek.seekchallenge.infraestructure.repository.CandidateRepositoryTest" time="0.007">
    <system-out><![CDATA[2024-12-20T02:02:00.418-05:00  INFO 59751 --- [           main] c.s.s.i.r.CandidateRepositoryTest        : (setUp) insert data test
Hibernate: 
    insert 
    into
        candidate
        (email,gender,name,salary_expected,id) 
    values
        (?,?,?,?,default)
2024-12-20T02:02:00.419-05:00  INFO 59751 --- [           main] c.s.s.i.r.CandidateRepositoryTest        : (setUp) end insert data test
2024-12-20T02:02:00.420-05:00  INFO 59751 --- [           main] c.s.s.i.r.CandidateRepositoryTest        : (findCandidate_ByEmail_CaseSensitive)
Hibernate: 
    select
        c1_0.id,
        c1_0.email,
        c1_0.gender,
        c1_0.name,
        c1_0.salary_expected 
    from
        candidate c1_0 
    where
        upper(c1_0.email)=upper(?)
2024-12-20T02:02:00.422-05:00  INFO 59751 --- [           main] c.s.s.i.r.CandidateRepositoryTest        : (end)
2024-12-20T02:02:00.422-05:00  INFO 59751 --- [           main] c.s.s.i.r.CandidateRepositoryTest        : (setUp) delete data test
2024-12-20T02:02:00.423-05:00  INFO 59751 --- [           main] c.s.s.i.r.CandidateRepositoryTest        : (setUp) delete data test
]]></system-out>
  </testcase>
</testsuite>