<?xml version="1.0" encoding="UTF-8"?>
<testsuite xmlns:xsi="http://www.w3.org/2001/XMLSchema-instance" xsi:noNamespaceSchemaLocation="https://maven.apache.org/surefire/maven-surefire-plugin/xsd/surefire-test-report-3.0.xsd" version="3.0" name="com.seek.seekchallenge.application.controller.CandidateControllerTest" time="0.61" tests="5" errors="0" skipped="0" failures="0">
  <properties>
[...]
</properties>
  <testcase name="saveCandidate" classname="com.seek.seekchallenge.application.controller.CandidateControllerTest" time="0.147">
    <system-out><![CDATA[2024-12-20T02:00:05.214-05:00  INFO 59329 --- [           main] t.c.s.AnnotationConfigContextLoaderUtils : Could not detect default configuration classes for test class [com.seek.seekchallenge.application.controller.CandidateControllerTest]: CandidateControllerTest does not declare any static, non-private, non-final, nested classes annotated with @Configuration.
2024-12-20T02:00:05.223-05:00  INFO 59329 --- [           main] .b.t.c.SpringBootTestContextBootstrapper : Found @SpringBootConfiguration com.seek.seekchallenge.SeekChallengeApplication for test class com.seek.seekchallenge.application.controller.CandidateControllerTest

  .   ____          _            __ _ _
 /\\ / ___'_ __ _ _(_)_ __  __ _ \ \ \ \
( ( )\___ | '_ | '_| | '_ \/ _` | \ \ \ \
 \\/  ___)| |_)| | | | | || (_| |  ) ) ) )
  '  |____| .__|_| |_|_| |_\__, | / / / /
 =========|_|==============|___/=/_/_/_/
 :: Spring Boot ::                (v3.1.5)

2024-12-20T02:00:05.239-05:00  INFO 59329 --- [           main] c.s.s.a.c.CandidateControllerTest        : Starting CandidateControllerTest using Java 17.0.13 with PID 59329 (started by andresmendez in /Users/andresmendez/Seek/git/seek-challenge)
2024-12-20T02:00:05.239-05:00  INFO 59329 --- [           main] c.s.s.a.c.CandidateControllerTest        : No active profile set, falling back to 1 default profile: "default"
2024-12-20T02:00:05.590-05:00  WARN 59329 --- [           main] .s.s.UserDetailsServiceAutoConfiguration : 

Using generated security password: a37e45d2-1a0c-4750-8e8a-cc27338c265e

This generated password is for development use only. Your security configuration must be updated before running your application in production.

2024-12-20T02:00:05.632-05:00  INFO 59329 --- [           main] o.s.s.web.DefaultSecurityFilterChain     : Will secure any request with [org.springframework.security.web.session.DisableEncodeUrlFilter@5c807e6b, org.springframework.security.web.context.request.async.WebAsyncManagerIntegrationFilter@49bcd90d, org.springframework.security.web.context.SecurityContextHolderFilter@7edab945, org.springframework.security.web.header.HeaderWriterFilter@43edd4e0, org.springframework.security.web.csrf.CsrfFilter@6dbfd081, org.springframework.security.web.authentication.logout.LogoutFilter@22726bc7, org.springframework.security.web.authentication.UsernamePasswordAuthenticationFilter@420dee82, org.springframework.security.web.authentication.ui.DefaultLoginPageGeneratingFilter@7902b006, org.springframework.security.web.authentication.ui.DefaultLogoutPageGeneratingFilter@1bb6bc81, org.springframework.security.web.authentication.www.BasicAuthenticationFilter@1428d63, org.springframework.security.web.savedrequest.RequestCacheAwareFilter@6bbd645, org.springframework.security.web.servletapi.SecurityContextHolderAwareRequestFilter@5bf9bb2, org.springframework.security.web.authentication.AnonymousAuthenticationFilter@26c6be2d, org.springframework.security.web.access.ExceptionTranslationFilter@6bfa228c, org.springframework.security.web.access.intercept.AuthorizationFilter@60610a2b]
2024-12-20T02:00:05.644-05:00  INFO 59329 --- [           main] o.s.b.t.m.w.SpringBootMockServletContext : Initializing Spring TestDispatcherServlet ''
2024-12-20T02:00:05.645-05:00  INFO 59329 --- [           main] o.s.t.web.servlet.TestDispatcherServlet  : Initializing Servlet ''
2024-12-20T02:00:05.645-05:00  INFO 59329 --- [           main] o.s.t.web.servlet.TestDispatcherServlet  : Completed initialization in 0 ms
2024-12-20T02:00:05.651-05:00  INFO 59329 --- [           main] c.s.s.a.c.CandidateControllerTest        : Started CandidateControllerTest in 0.424 seconds (process running for 2.903)
2024-12-20T02:00:05.657-05:00  INFO 59329 --- [           main] c.s.s.a.c.CandidateControllerTest        : (saveCandidate) request: CandidateDto(id=8, name=Jose Martinez, email=dsa.martinez@gmail.com, gender=FEMALE, salaryExpected=1200)
2024-12-20T02:00:05.800-05:00  INFO 59329 --- [           main] c.s.s.a.c.CandidateControllerTest        : (saveCandidate) [[end]]
]]></system-out>
  </testcase>
  <testcase name="findAll" classname="com.seek.seekchallenge.application.controller.CandidateControllerTest" time="0.007">
    <system-out><![CDATA[2024-12-20T02:00:05.803-05:00  INFO 59329 --- [           main] c.s.s.a.c.CandidateControllerTest        : (findAll)
2024-12-20T02:00:05.809-05:00  INFO 59329 --- [           main] c.s.s.a.c.CandidateControllerTest        : (findAll) [[end]]
]]></system-out>
  </testcase>
  <testcase name="findById" classname="com.seek.seekchallenge.application.controller.CandidateControllerTest" time="0.004">
    <system-out><![CDATA[2024-12-20T02:00:05.813-05:00  INFO 59329 --- [           main] c.s.s.a.c.CandidateControllerTest        : (findAll) [[end]]
]]></system-out>
  </testcase>
  <testcase name="deleteCandidate" classname="com.seek.seekchallenge.application.controller.CandidateControllerTest" time="0.002">
    <system-out><![CDATA[2024-12-20T02:00:05.815-05:00  INFO 59329 --- [           main] c.s.s.a.c.CandidateControllerTest        : (deleteCandidate)
2024-12-20T02:00:05.816-05:00  INFO 59329 --- [           main] c.s.s.a.c.CandidateControllerTest        : (deleteCandidate) [[end]]
]]></system-out>
  </testcase>
  <testcase name="updateCandidate" classname="com.seek.seekchallenge.application.controller.CandidateControllerTest" time="0.003">
    <system-out><![CDATA[2024-12-20T02:00:05.818-05:00  INFO 59329 --- [           main] c.s.s.a.c.CandidateControllerTest        : (updateCandidate) request: CandidateDto(id=8, name=Jose Martinez, email=dsa.martinez@gmail.com, gender=FEMALE, salaryExpected=1200)
2024-12-20T02:00:05.820-05:00  INFO 59329 --- [           main] c.s.s.a.c.CandidateControllerTest        : (updateCandidate) [[end]]
]]></system-out>
  </testcase>
</testsuite>